1621350542991	geckodriver	INFO	Listening on 127.0.0.1:50087
1621350542996	mozrunner::runner	INFO	Running command: "/usr/bin/firefox" "--marionette" "-headless" "-foreground" "-no-remote" "-profile" "/tmp/rust_mozprofilejufFmQ"
*** You are running in headless mode.
1621350545906	Marionette	INFO	Marionette enabled

(/usr/lib/firefox/firefox:72628): GLib-GObject-CRITICAL **: 20:54:06.316: g_object_set: assertion 'G_IS_OBJECT (object)' failed

(/usr/lib/firefox/firefox:72648): GLib-GObject-CRITICAL **: 20:54:06.403: g_object_set: assertion 'G_IS_OBJECT (object)' failed
console.warn: SearchSettings: "get: No settings file exists, new profile?" (new Error("", "(unknown module)"))
1621350552190	Marionette	INFO	Listening on port 37403

(/usr/lib/firefox/firefox:72725): GLib-GObject-CRITICAL **: 20:54:12.236: g_object_set: assertion 'G_IS_OBJECT (object)' failed
1621350552242	Marionette	WARN	TLS certificate errors will be ignored for this session
JavaScript warning: https://www.facebook.com/rsrc.php/v3iEr44/yX/l/en_US/yYFNcmULrOU.js?_nc_x=Ij3Wp8lg5Kz, line 43: unreachable code after return statement
1621350694315	geckodriver	INFO	Listening on 127.0.0.1:37589
1621350695299	mozrunner::runner	INFO	Running command: "/usr/bin/firefox" "--marionette" "-headless" "-foreground" "-no-remote" "-profile" "/tmp/rust_mozprofileC2xqzl"
*** You are running in headless mode.
1621350699957	Marionette	INFO	Marionette enabled

(/usr/lib/firefox/firefox:72992): GLib-GObject-CRITICAL **: 20:56:40.401: g_object_set: assertion 'G_IS_OBJECT (object)' failed

(/usr/lib/firefox/firefox:73014): GLib-GObject-CRITICAL **: 20:56:40.498: g_object_set: assertion 'G_IS_OBJECT (object)' failed
console.warn: SearchSettings: "get: No settings file exists, new profile?" (new Error("", "(unknown module)"))
1621350706706	Marionette	INFO	Listening on port 35453
1621350706746	Marionette	WARN	TLS certificate errors will be ignored for this session

(/usr/lib/firefox/firefox:73086): GLib-GObject-CRITICAL **: 20:56:46.757: g_object_set: assertion 'G_IS_OBJECT (object)' failed
console.error: Region.jsm: "Error fetching region" (new Error("TIMEOUT", "resource://gre/modules/Region.jsm", 772))
console.error: Region.jsm: "Failed to fetch region" (new Error("TIMEOUT", "resource://gre/modules/Region.jsm", 419))
JavaScript warning: https://www.facebook.com/rsrc.php/v3iEr44/yX/l/en_US/yYFNcmULrOU.js?_nc_x=Ij3Wp8lg5Kz, line 43: unreachable code after return statement
1621350877220	geckodriver	INFO	Listening on 127.0.0.1:36967
1621350877224	mozrunner::runner	INFO	Running command: "/usr/bin/firefox" "--marionette" "-headless" "-foreground" "-no-remote" "-profile" "/tmp/rust_mozprofileL1trDx"
*** You are running in headless mode.
1621350879793	Marionette	INFO	Marionette enabled

(/usr/lib/firefox/firefox:73294): GLib-GObject-CRITICAL **: 20:59:40.165: g_object_set: assertion 'G_IS_OBJECT (object)' failed

(/usr/lib/firefox/firefox:73316): GLib-GObject-CRITICAL **: 20:59:40.259: g_object_set: assertion 'G_IS_OBJECT (object)' failed
console.warn: SearchSettings: "get: No settings file exists, new profile?" (new Error("", "(unknown module)"))
1621350884921	Marionette	INFO	Listening on port 38437

(/usr/lib/firefox/firefox:73387): GLib-GObject-CRITICAL **: 20:59:44.940: g_object_set: assertion 'G_IS_OBJECT (object)' failed
1621350884961	Marionette	WARN	TLS certificate errors will be ignored for this session
console.error: Region.jsm: "Error fetching region" (new Error("TIMEOUT", "resource://gre/modules/Region.jsm", 772))
console.error: Region.jsm: "Failed to fetch region" (new Error("TIMEOUT", "resource://gre/modules/Region.jsm", 419))
JavaScript warning: https://www.facebook.com/rsrc.php/v3iEr44/yX/l/en_US/yYFNcmULrOU.js?_nc_x=Ij3Wp8lg5Kz, line 43: unreachable code after return statement
1621350980491	geckodriver	INFO	Listening on 127.0.0.1:60397
1621350980518	mozrunner::runner	INFO	Running command: "/usr/bin/firefox" "--marionette" "-headless" "-foreground" "-no-remote" "-profile" "/tmp/rust_mozprofileSWJM9D"
*** You are running in headless mode.
1621350988343	Marionette	INFO	Marionette enabled

(/usr/lib/firefox/firefox:73561): GLib-GObject-CRITICAL **: 21:01:28.803: g_object_set: assertion 'G_IS_OBJECT (object)' failed

(/usr/lib/firefox/firefox:73586): GLib-GObject-CRITICAL **: 21:01:28.934: g_object_set: assertion 'G_IS_OBJECT (object)' failed
console.warn: SearchSettings: "get: No settings file exists, new profile?" (new Error("", "(unknown module)"))
1621350995752	Marionette	INFO	Listening on port 38851

(/usr/lib/firefox/firefox:73655): GLib-GObject-CRITICAL **: 21:01:35.775: g_object_set: assertion 'G_IS_OBJECT (object)' failed
1621350995798	Marionette	WARN	TLS certificate errors will be ignored for this session
JavaScript warning: https://www.facebook.com/rsrc.php/v3iEr44/yX/l/en_US/yYFNcmULrOU.js?_nc_x=Ij3Wp8lg5Kz, line 43: unreachable code after return statement
1621351109974	addons.xpi	ERROR	System addon update list error Error: Failed downloading XML, status: 0, reason: timeout
1621351861480	geckodriver	INFO	Listening on 127.0.0.1:38457
1621351862375	mozrunner::runner	INFO	Running command: "/usr/bin/firefox" "--marionette" "-headless" "-foreground" "-no-remote" "-profile" "/tmp/rust_mozprofilezGRsFb"
*** You are running in headless mode.
1621351881066	Marionette	INFO	Marionette enabled

(/usr/lib/firefox/firefox:74445): GLib-GObject-CRITICAL **: 21:16:23.898: g_object_set: assertion 'G_IS_OBJECT (object)' failed

(/usr/lib/firefox/firefox:74480): GLib-GObject-CRITICAL **: 21:16:24.401: g_object_set: assertion 'G_IS_OBJECT (object)' failed
console.warn: SearchSettings: "get: No settings file exists, new profile?" (new Error("", "(unknown module)"))

(/usr/lib/firefox/firefox:74531): GLib-GObject-CRITICAL **: 21:16:27.165: g_object_set: assertion 'G_IS_OBJECT (object)' failed
1621351890792	Marionette	INFO	Listening on port 46605
1621351891713	Marionette	WARN	TLS certificate errors will be ignored for this session
Exiting due to channel error.
Exiting due to channel error.
Exiting due to channel error.
1621351904099	geckodriver	INFO	Listening on 127.0.0.1:59035
1621351905106	mozrunner::runner	INFO	Running command: "/usr/bin/firefox" "--marionette" "-headless" "-foreground" "-no-remote" "-profile" "/tmp/rust_mozprofilesrh6Q1"
*** You are running in headless mode.
1621351910187	Marionette	INFO	Marionette enabled

(/usr/lib/firefox/firefox:74641): GLib-GObject-CRITICAL **: 21:16:50.637: g_object_set: assertion 'G_IS_OBJECT (object)' failed

(/usr/lib/firefox/firefox:74662): GLib-GObject-CRITICAL **: 21:16:50.743: g_object_set: assertion 'G_IS_OBJECT (object)' failed
console.warn: SearchSettings: "get: No settings file exists, new profile?" (new Error("", "(unknown module)"))

(/usr/lib/firefox/firefox:74723): GLib-GObject-CRITICAL **: 21:16:53.502: g_object_set: assertion 'G_IS_OBJECT (object)' failed
1621351918065	Marionette	INFO	Listening on port 39963
1621351918167	Marionette	WARN	TLS certificate errors will be ignored for this session
console.error: Region.jsm: "Error fetching region" (new Error("TIMEOUT", "resource://gre/modules/Region.jsm", 772))
console.error: Region.jsm: "Failed to fetch region" (new Error("TIMEOUT", "resource://gre/modules/Region.jsm", 419))
JavaScript warning: https://www.facebook.com/rsrc.php/v3iEr44/yX/l/en_US/yYFNcmULrOU.js?_nc_x=Ij3Wp8lg5Kz, line 43: unreachable code after return statement
Exiting due to channel error.
Exiting due to channel error.
Exiting due to channel error.
1621352013063	geckodriver	INFO	Listening on 127.0.0.1:39749
1621352013066	mozrunner::runner	INFO	Running command: "/usr/bin/firefox" "--marionette" "-headless" "-foreground" "-no-remote" "-profile" "/tmp/rust_mozprofileHKjDY0"
*** You are running in headless mode.
1621352015519	Marionette	INFO	Marionette enabled

(/usr/lib/firefox/firefox:74921): GLib-GObject-CRITICAL **: 21:18:36.299: g_object_set: assertion 'G_IS_OBJECT (object)' failed

(/usr/lib/firefox/firefox:74946): GLib-GObject-CRITICAL **: 21:18:36.547: g_object_set: assertion 'G_IS_OBJECT (object)' failed
console.warn: SearchSettings: "get: No settings file exists, new profile?" (new Error("", "(unknown module)"))
1621352021525	Marionette	INFO	Listening on port 33535

(/usr/lib/firefox/firefox:75014): GLib-GObject-CRITICAL **: 21:18:41.577: g_object_set: assertion 'G_IS_OBJECT (object)' failed
1621352021613	Marionette	WARN	TLS certificate errors will be ignored for this session
JavaScript warning: https://www.facebook.com/rsrc.php/v3iEr44/yX/l/en_US/yYFNcmULrOU.js?_nc_x=Ij3Wp8lg5Kz, line 43: unreachable code after return statement
Exiting due to channel error.
Exiting due to channel error.
Exiting due to channel error.
1621352138042	geckodriver	INFO	Listening on 127.0.0.1:50765
1621352139026	mozrunner::runner	INFO	Running command: "/usr/bin/firefox" "--marionette" "-headless" "-foreground" "-no-remote" "-profile" "/tmp/rust_mozprofilehb49V7"
*** You are running in headless mode.
1621352143217	Marionette	INFO	Marionette enabled

(/usr/lib/firefox/firefox:75213): GLib-GObject-CRITICAL **: 21:20:43.609: g_object_set: assertion 'G_IS_OBJECT (object)' failed

(/usr/lib/firefox/firefox:75235): GLib-GObject-CRITICAL **: 21:20:43.714: g_object_set: assertion 'G_IS_OBJECT (object)' failed
console.warn: SearchSettings: "get: No settings file exists, new profile?" (new Error("", "(unknown module)"))
1621352150009	Marionette	INFO	Listening on port 42781

(/usr/lib/firefox/firefox:75313): GLib-GObject-CRITICAL **: 21:20:50.039: g_object_set: assertion 'G_IS_OBJECT (object)' failed
1621352150119	Marionette	WARN	TLS certificate errors will be ignored for this session
JavaScript warning: https://www.facebook.com/rsrc.php/v3iEr44/yX/l/en_US/yYFNcmULrOU.js?_nc_x=Ij3Wp8lg5Kz, line 43: unreachable code after return statement
Exiting due to channel error.
Exiting due to channel error.
Exiting due to channel error.
